[113月2026 16:46:22.978] [main/INFO] [cpw.mods.modlauncher.Launcher/MODLAUNCHER]: ModLauncher running: args [--launchTarget, forgeclientdev, --version, 21.1.219, --assetIndex, 17, --assetsDir, C:\\Users\\13680\\.gradle\\caches\\neoformruntime\\assets, --gameDir, ., --fml.fmlVersion, 4.0.42, --fml.mcVersion, 1.21.1, --fml.neoForgeVersion, 21.1.219, --fml.neoFormVersion, 20240808.144430]
[113月2026 16:46:22.981] [main/INFO] [cpw.mods.modlauncher.Launcher/MODLAUNCHER]: JVM identified as Eclipse Adoptium OpenJDK 64-Bit Server VM 21.0.4+7-LTS
[113月2026 16:46:22.982] [main/INFO] [cpw.mods.modlauncher.Launcher/MODLAUNCHER]: ModLauncher 11.0.5+main.901c6ea8 starting: java version 21.0.4 by Eclipse Adoptium; OS Windows 11 arch amd64 version 10.0
[113月2026 16:46:23.069] [main/INFO] [net.neoforged.fml.loading.ImmediateWindowHandler/]: Loading ImmediateWindowProvider fmlearlywindow
[113月2026 16:46:23.157] [main/INFO] [EARLYDISPLAY/]: Trying GL version 4.6
[113月2026 16:46:23.527] [main/INFO] [EARLYDISPLAY/]: Requested GL version 4.6 got version 4.6
[113月2026 16:46:23.641] [main/INFO] [mixin/]: SpongePowered MIXIN Subsystem Version=0.8.7 Source=union:/C:/Users/13680/.gradle/caches/modules-2/files-2.1/net.fabricmc/sponge-mixin/0.15.2+mixin.0.8.7/2af2f021d8e02a0220dc27a7a72b4666d66d44ca/sponge-mixin-0.15.2+mixin.0.8.7.jar%23138!/ Service=ModLauncher Env=CLIENT
[113月2026 16:46:23.797] [pool-2-thread-1/INFO] [EARLYDISPLAY/]: GL info: NVIDIA GeForce RTX 4060 Laptop GPU/PCIe/SSE2 GL version 4.6.0 NVIDIA 591.74, NVIDIA Corporation
[113月2026 16:46:23.941] [main/INFO] [net.neoforged.fml.loading.moddiscovery.locators.JarInJarDependencyLocator/]: Found 2 dependencies adding them to mods collection
[113月2026 16:46:23.942] [main/INFO] [net.neoforged.fml.loading.moddiscovery.ModDiscoverer/]: 
     Mod List:
		Name Version (Mod Id)

		Minecraft 1.21.1 (minecraft)
		NeoForge 21.1.219 (neoforge)
		PyPort 1.0-SNAPSHOT (py_port)
[113月2026 16:46:24.598] [main/INFO] [mixin/]: Compatibility level set to JAVA_21
[113月2026 16:46:24.603] [main/INFO] [cpw.mods.modlauncher.LaunchServiceHandler/MODLAUNCHER]: Launching target 'forgeclientdev' with arguments [--version, 21.1.219, --gameDir, ., --assetsDir, C:\Users\13680\.gradle\caches\neoformruntime\assets, --assetIndex, 17]
[113月2026 16:46:26.310] [Datafixer Bootstrap/INFO] [com.mojang.datafixers.DataFixerBuilder/]: 229 Datafixer optimizations took 286 milliseconds
[113月2026 16:46:26.508] [pool-7-thread-1/INFO] [MixinExtras|Service/]: Initializing MixinExtras via com.llamalad7.mixinextras.service.MixinExtrasServiceImpl(version=0.5.0).
[113月2026 16:46:30.428] [main/WARN] [net.minecraft.commands.Commands/]: Ambiguity between arguments [teleport, location] and [teleport, destination] with inputs: [0.1 -0.5 .9, 0 0 0]
[113月2026 16:46:30.429] [main/WARN] [net.minecraft.commands.Commands/]: Ambiguity between arguments [teleport, location] and [teleport, targets] with inputs: [0.1 -0.5 .9, 0 0 0]
[113月2026 16:46:30.430] [main/WARN] [net.minecraft.commands.Commands/]: Ambiguity between arguments [teleport, destination] and [teleport, targets] with inputs: [Player, 0123, @e, dd12be42-52a9-4a91-a8a1-11c01849e498]
[113月2026 16:46:30.432] [main/WARN] [net.minecraft.commands.Commands/]: Ambiguity between arguments [teleport, targets] and [teleport, destination] with inputs: [Player, 0123, dd12be42-52a9-4a91-a8a1-11c01849e498]
[113月2026 16:46:30.432] [main/WARN] [net.minecraft.commands.Commands/]: Ambiguity between arguments [teleport, targets, location] and [teleport, targets, destination] with inputs: [0.1 -0.5 .9, 0 0 0]
[113月2026 16:46:30.525] [Render thread/WARN] [net.minecraft.server.packs.VanillaPackResourcesBuilder/]: Assets URL 'union:/D:/Files/Project_MinecraftMods/PyCraft/build/moddev/artifacts/neoforge-21.1.219.jar%23189!/assets/.mcassetsroot' uses unexpected schema
[113月2026 16:46:30.525] [Render thread/WARN] [net.minecraft.server.packs.VanillaPackResourcesBuilder/]: Assets URL 'union:/D:/Files/Project_MinecraftMods/PyCraft/build/moddev/artifacts/neoforge-21.1.219.jar%23189!/data/.mcassetsroot' uses unexpected schema
[113月2026 16:46:30.549] [Render thread/INFO] [com.mojang.authlib.yggdrasil.YggdrasilAuthenticationService/]: Environment: Environment[sessionHost=https://sessionserver.mojang.com, servicesHost=https://api.minecraftservices.com, name=PROD]
[113月2026 16:46:30.553] [Render thread/INFO] [net.minecraft.client.Minecraft/]: Setting user: Dev
[113月2026 16:46:30.607] [Render thread/INFO] [net.minecraft.client.Minecraft/]: Backend library: LWJGL version 3.3.3+5
[113月2026 16:46:30.749] [modloading-worker-0/INFO] [net.neoforged.neoforge.common.NeoForgeMod/NEOFORGE-MOD]: NeoForge mod loading, version 21.1.219, for MC 1.21.1
[113月2026 16:46:31.242] [Render thread/INFO] [net.neoforged.neoforge.gametest.GameTestHooks/]: Enabled Gametest Namespaces: [py_port]
[113月2026 16:46:31.321] [Render thread/INFO] [net.minecraft.server.packs.resources.ReloadableResourceManager/]: Reloading ResourceManager: vanilla, mod_resources, mod/py_port, mod/neoforge
[113月2026 16:46:31.329] [Worker-Main-1/INFO] [io.github.sweetzonzi.py_port.PyCraft/]: HELLO FROM COMMON SETUP
[113月2026 16:46:31.331] [Worker-Main-1/INFO] [io.github.sweetzonzi.py_port.PyCraft/]: DIRT BLOCK >> minecraft:dirt
[113月2026 16:46:31.331] [Worker-Main-1/INFO] [io.github.sweetzonzi.py_port.PyCraft/]: The magic number is... 42
[113月2026 16:46:31.331] [Worker-Main-1/INFO] [io.github.sweetzonzi.py_port.PyCraft/]: ITEM >> minecraft:iron_ingot
[113月2026 16:46:31.486] [Worker-Main-23/INFO] [io.github.sweetzonzi.py_port.PyCraft/]: HELLO FROM CLIENT SETUP
[113月2026 16:46:31.486] [Worker-Main-23/INFO] [io.github.sweetzonzi.py_port.PyCraft/]: MINECRAFT NAME >> Dev
[113月2026 16:46:31.488] [Worker-Main-7/INFO] [net.minecraft.client.gui.font.providers.UnihexProvider/]: Found unifont_all_no_pua-15.1.05.hex, loading
[113月2026 16:46:31.488] [Worker-Main-8/INFO] [net.minecraft.client.gui.font.providers.UnihexProvider/]: Found unifont_jp_patch-15.1.05.hex, loading
[113月2026 16:46:31.955] [Worker-Main-24/WARN] [net.minecraft.client.resources.model.BlockStateModelLoader/]: Exception loading blockstate definition: 'py_port:blockstates/example_block.json' missing model for variant: 'py_port:example_block#'
[113月2026 16:46:31.957] [Worker-Main-24/WARN] [net.minecraft.client.resources.model.ModelBakery/]: Unable to load model: 'py_port:item/example_block' referenced from: py_port:item/example_block: java.io.FileNotFoundException: py_port:models/item/example_block.json
[113月2026 16:46:31.958] [Worker-Main-24/WARN] [net.minecraft.client.resources.model.ModelBakery/]: Unable to load model: 'py_port:item/example_item' referenced from: py_port:item/example_item: java.io.FileNotFoundException: py_port:models/item/example_item.json
[113月2026 16:46:32.550] [Render thread/WARN] [net.minecraft.client.sounds.SoundEngine/]: Missing sound for event: minecraft:item.goat_horn.play
[113月2026 16:46:32.550] [Render thread/WARN] [net.minecraft.client.sounds.SoundEngine/]: Missing sound for event: minecraft:entity.goat.screaming.horn_break
[113月2026 16:46:32.766] [Render thread/INFO] [com.mojang.blaze3d.audio.Library/]: OpenAL initialized on device OpenAL Soft on 扬声器 (Realtek(R) Audio)
[113月2026 16:46:32.767] [Render thread/INFO] [net.minecraft.client.sounds.SoundEngine/SOUNDS]: Sound engine started
[113月2026 16:46:32.844] [Render thread/INFO] [net.minecraft.client.renderer.texture.TextureAtlas/]: Created: 1024x512x4 minecraft:textures/atlas/blocks.png-atlas
[113月2026 16:46:32.850] [Render thread/INFO] [net.minecraft.client.renderer.texture.TextureAtlas/]: Created: 256x256x4 minecraft:textures/atlas/signs.png-atlas
[113月2026 16:46:32.850] [Render thread/INFO] [net.minecraft.client.renderer.texture.TextureAtlas/]: Created: 512x512x4 minecraft:textures/atlas/shield_patterns.png-atlas
[113月2026 16:46:32.850] [Render thread/INFO] [net.minecraft.client.renderer.texture.TextureAtlas/]: Created: 512x512x4 minecraft:textures/atlas/banner_patterns.png-atlas
[113月2026 16:46:32.850] [Render thread/INFO] [net.minecraft.client.renderer.texture.TextureAtlas/]: Created: 1024x1024x4 minecraft:textures/atlas/armor_trims.png-atlas
[113月2026 16:46:32.852] [Render thread/INFO] [net.minecraft.client.renderer.texture.TextureAtlas/]: Created: 128x64x4 minecraft:textures/atlas/decorated_pot.png-atlas
[113月2026 16:46:32.852] [Render thread/INFO] [net.minecraft.client.renderer.texture.TextureAtlas/]: Created: 256x256x4 minecraft:textures/atlas/chest.png-atlas
[113月2026 16:46:32.852] [Render thread/INFO] [net.minecraft.client.renderer.texture.TextureAtlas/]: Created: 512x256x4 minecraft:textures/atlas/shulker_boxes.png-atlas
[113月2026 16:46:32.852] [Render thread/INFO] [net.minecraft.client.renderer.texture.TextureAtlas/]: Created: 512x256x4 minecraft:textures/atlas/beds.png-atlas
[113月2026 16:46:32.976] [Render thread/INFO] [net.minecraft.client.renderer.texture.TextureAtlas/]: Created: 512x256x0 minecraft:textures/atlas/particles.png-atlas
[113月2026 16:46:32.977] [Render thread/INFO] [net.minecraft.client.renderer.texture.TextureAtlas/]: Created: 512x256x0 minecraft:textures/atlas/paintings.png-atlas
[113月2026 16:46:32.977] [Render thread/INFO] [net.minecraft.client.renderer.texture.TextureAtlas/]: Created: 256x128x0 minecraft:textures/atlas/mob_effects.png-atlas
[113月2026 16:46:32.977] [Render thread/INFO] [net.minecraft.client.renderer.texture.TextureAtlas/]: Created: 64x64x0 minecraft:textures/atlas/map_decorations.png-atlas
[113月2026 16:46:32.977] [Render thread/INFO] [net.minecraft.client.renderer.texture.TextureAtlas/]: Created: 1024x512x0 minecraft:textures/atlas/gui.png-atlas
[113月2026 16:46:32.992] [Render thread/WARN] [net.minecraft.client.renderer.ShaderInstance/]: Shader rendertype_entity_translucent_emissive could not find sampler named Sampler2 in the specified shader program.
[113月2026 16:46:33.031] [Render thread/INFO] [net.neoforged.neoforge.client.entity.animation.json.AnimationLoader/]: Loaded 0 entity animations
[113月2026 16:47:49.625] [Render thread/INFO] [net.minecraft.server.packs.resources.ReloadableResourceManager/]: Reloading ResourceManager: vanilla, mod_resources, mod/py_port, mod/neoforge
[113月2026 16:47:49.628] [Worker-Main-25/INFO] [net.minecraft.client.gui.font.providers.UnihexProvider/]: Found unifont_jp_patch-15.1.05.hex, loading
[113月2026 16:47:49.628] [Worker-Main-10/INFO] [net.minecraft.client.gui.font.providers.UnihexProvider/]: Found unifont_all_no_pua-15.1.05.hex, loading
[113月2026 16:47:49.926] [Worker-Main-16/WARN] [net.minecraft.client.resources.model.BlockStateModelLoader/]: Exception loading blockstate definition: 'py_port:blockstates/example_block.json' missing model for variant: 'py_port:example_block#'
[113月2026 16:47:49.928] [Worker-Main-16/WARN] [net.minecraft.client.resources.model.ModelBakery/]: Unable to load model: 'py_port:item/example_block' referenced from: py_port:item/example_block: java.io.FileNotFoundException: py_port:models/item/example_block.json
[113月2026 16:47:49.930] [Worker-Main-16/WARN] [net.minecraft.client.resources.model.ModelBakery/]: Unable to load model: 'py_port:item/example_item' referenced from: py_port:item/example_item: java.io.FileNotFoundException: py_port:models/item/example_item.json
[113月2026 16:47:50.126] [Render thread/WARN] [net.minecraft.client.sounds.SoundEngine/]: Missing sound for event: minecraft:item.goat_horn.play
[113月2026 16:47:50.127] [Render thread/WARN] [net.minecraft.client.sounds.SoundEngine/]: Missing sound for event: minecraft:entity.goat.screaming.horn_break
[113月2026 16:47:50.403] [Render thread/INFO] [com.mojang.blaze3d.audio.Library/]: OpenAL initialized on device OpenAL Soft on 扬声器 (Realtek(R) Audio)
[113月2026 16:47:50.403] [Render thread/INFO] [net.minecraft.client.sounds.SoundEngine/SOUNDS]: Sound engine started
[113月2026 16:47:50.477] [Render thread/INFO] [net.minecraft.client.renderer.texture.TextureAtlas/]: Created: 1024x512x4 minecraft:textures/atlas/blocks.png-atlas
[113月2026 16:47:50.481] [Render thread/INFO] [net.minecraft.client.renderer.texture.TextureAtlas/]: Created: 256x256x4 minecraft:textures/atlas/signs.png-atlas
[113月2026 16:47:50.481] [Render thread/INFO] [net.minecraft.client.renderer.texture.TextureAtlas/]: Created: 512x512x4 minecraft:textures/atlas/shield_patterns.png-atlas
[113月2026 16:47:50.482] [Render thread/INFO] [net.minecraft.client.renderer.texture.TextureAtlas/]: Created: 512x512x4 minecraft:textures/atlas/banner_patterns.png-atlas
[113月2026 16:47:50.482] [Render thread/INFO] [net.minecraft.client.renderer.texture.TextureAtlas/]: Created: 1024x1024x4 minecraft:textures/atlas/armor_trims.png-atlas
[113月2026 16:47:50.484] [Render thread/INFO] [net.minecraft.client.renderer.texture.TextureAtlas/]: Created: 128x64x4 minecraft:textures/atlas/decorated_pot.png-atlas
[113月2026 16:47:50.484] [Render thread/INFO] [net.minecraft.client.renderer.texture.TextureAtlas/]: Created: 256x256x4 minecraft:textures/atlas/chest.png-atlas
[113月2026 16:47:50.484] [Render thread/INFO] [net.minecraft.client.renderer.texture.TextureAtlas/]: Created: 512x256x4 minecraft:textures/atlas/shulker_boxes.png-atlas
[113月2026 16:47:50.484] [Render thread/INFO] [net.minecraft.client.renderer.texture.TextureAtlas/]: Created: 512x256x4 minecraft:textures/atlas/beds.png-atlas
[113月2026 16:47:50.498] [Render thread/INFO] [net.minecraft.client.renderer.texture.TextureAtlas/]: Created: 512x256x0 minecraft:textures/atlas/particles.png-atlas
[113月2026 16:47:50.500] [Render thread/INFO] [net.minecraft.client.renderer.texture.TextureAtlas/]: Created: 512x256x0 minecraft:textures/atlas/paintings.png-atlas
[113月2026 16:47:50.500] [Render thread/INFO] [net.minecraft.client.renderer.texture.TextureAtlas/]: Created: 256x128x0 minecraft:textures/atlas/mob_effects.png-atlas
[113月2026 16:47:50.501] [Render thread/INFO] [net.minecraft.client.renderer.texture.TextureAtlas/]: Created: 64x64x0 minecraft:textures/atlas/map_decorations.png-atlas
[113月2026 16:47:50.501] [Render thread/INFO] [net.minecraft.client.renderer.texture.TextureAtlas/]: Created: 1024x512x0 minecraft:textures/atlas/gui.png-atlas
[113月2026 16:47:50.512] [Render thread/WARN] [net.minecraft.client.renderer.ShaderInstance/]: Shader rendertype_entity_translucent_emissive could not find sampler named Sampler2 in the specified shader program.
[113月2026 16:47:50.544] [Render thread/INFO] [net.neoforged.neoforge.client.entity.animation.json.AnimationLoader/]: Loaded 0 entity animations
[113月2026 16:50:27.215] [Render thread/INFO] [net.minecraft.world.item.crafting.RecipeManager/]: Loaded 1290 recipes
[113月2026 16:50:27.346] [Render thread/INFO] [net.minecraft.advancements.AdvancementTree/]: Loaded 1399 advancements
[113月2026 16:50:31.323] [Server thread/INFO] [net.minecraft.client.server.IntegratedServer/]: Starting integrated minecraft server version 1.21.1
[113月2026 16:50:31.323] [Server thread/INFO] [net.minecraft.server.MinecraftServer/]: Generating keypair
[113月2026 16:50:31.933] [Server thread/INFO] [net.minecraft.server.MinecraftServer/]: Preparing start region for dimension minecraft:overworld
[113月2026 16:50:31.961] [progressListener/INFO] [net.minecraft.server.level.progress.LoggerChunkProgressListener/]: 准备生成区域中：2%
[113月2026 16:50:32.104] [Server thread/INFO] [net.neoforged.neoforge.server.permission.PermissionAPI/]: Successfully initialized permission handler neoforge:default_handler
[113月2026 16:50:32.104] [progressListener/INFO] [net.minecraft.server.level.progress.LoggerChunkProgressListener/]: Time elapsed: 162 ms
[113月2026 16:50:32.104] [Server thread/INFO] [io.github.sweetzonzi.py_port.PyCraft/]: HELLO from server starting
[113月2026 16:50:32.157] [Server thread/INFO] [net.minecraft.client.server.IntegratedServer/]: Changing view distance to 12, from 10
[113月2026 16:50:32.157] [Server thread/INFO] [net.minecraft.client.server.IntegratedServer/]: Changing simulation distance to 12, from 0
[113月2026 16:50:32.613] [Server thread/INFO] [net.minecraft.server.players.PlayerList/]: Dev[local:E:6b7cfaaf] logged in with entity id 1 at (-4.5, -60.0, -6.5)
[113月2026 16:50:32.678] [Server thread/INFO] [net.minecraft.server.MinecraftServer/]: Dev加入了游戏
[113月2026 16:50:32.988] [Render thread/INFO] [net.minecraft.advancements.AdvancementTree/]: Loaded 2 advancements
[113月2026 16:50:36.706] [Server thread/INFO] [net.minecraft.client.server.IntegratedServer/]: Saving and pausing game...
[113月2026 16:50:36.715] [Server thread/INFO] [net.minecraft.server.MinecraftServer/]: Saving chunks for level 'ServerLevel[新的世界]'/minecraft:overworld
[113月2026 16:50:36.723] [Server thread/INFO] [net.minecraft.server.MinecraftServer/]: Saving chunks for level 'ServerLevel[新的世界]'/minecraft:the_end
[113月2026 16:50:36.724] [Server thread/INFO] [net.minecraft.server.MinecraftServer/]: Saving chunks for level 'ServerLevel[新的世界]'/minecraft:the_nether
[113月2026 16:50:37.061] [Server thread/INFO] [net.minecraft.server.network.ServerGamePacketListenerImpl/]: Dev lost connection: 连接中断
[113月2026 16:50:37.061] [Server thread/INFO] [net.minecraft.server.MinecraftServer/]: Dev退出了游戏
[113月2026 16:50:37.065] [Server thread/INFO] [net.minecraft.server.network.ServerCommonPacketListenerImpl/]: Stopping singleplayer server as player logged out
[113月2026 16:50:37.117] [Server thread/INFO] [net.minecraft.server.MinecraftServer/]: Stopping server
[113月2026 16:50:37.117] [Server thread/INFO] [net.minecraft.server.MinecraftServer/]: Saving players
[113月2026 16:50:37.117] [Server thread/INFO] [net.minecraft.server.MinecraftServer/]: Saving worlds
[113月2026 16:50:37.889] [Server thread/INFO] [net.minecraft.server.MinecraftServer/]: Saving chunks for level 'ServerLevel[新的世界]'/minecraft:overworld
[113月2026 16:50:37.903] [Server thread/INFO] [net.minecraft.server.MinecraftServer/]: Saving chunks for level 'ServerLevel[新的世界]'/minecraft:the_end
[113月2026 16:50:37.904] [Server thread/INFO] [net.minecraft.server.MinecraftServer/]: Saving chunks for level 'ServerLevel[新的世界]'/minecraft:the_nether
[113月2026 16:50:37.907] [Server thread/INFO] [net.minecraft.server.MinecraftServer/]: ThreadedAnvilChunkStorage (新的世界): All chunks are saved
[113月2026 16:50:37.907] [Server thread/INFO] [net.minecraft.server.MinecraftServer/]: ThreadedAnvilChunkStorage (DIM1): All chunks are saved
[113月2026 16:50:37.907] [Server thread/INFO] [net.minecraft.server.MinecraftServer/]: ThreadedAnvilChunkStorage (DIM-1): All chunks are saved
[113月2026 16:50:37.907] [Server thread/INFO] [net.minecraft.server.MinecraftServer/]: ThreadedAnvilChunkStorage: All dimensions are saved
[113月2026 16:50:38.304] [Render thread/INFO] [net.minecraft.client.Minecraft/]: Stopping!
